<?xml version="1.0" encoding="UTF-8"?>
<testsuites name="test_suite_1" time="12" tests="1" failures="0" errors="0">
   <testsuite name="test_suite_1" tests="1" failures="0" errors="0" time="12" timestamp="2019-03-14 10:51:32" hostname="eessa - LAPTOP-E4F551IA" id="Test Suites/test_suite_1">
      <properties>
         <property name="deviceName" value=""/>
         <property name="devicePlatform" value=""/>
         <property name="logFolder" value="C:\\Users\\eessa\\Katalon Studio\\Project1\\Reports\\test_suite_1\\20190314_105126"/>
         <property name="logFiles" value="C:\\Users\\eessa\\Katalon Studio\\Project1\\Reports\\test_suite_1\\20190314_105126\\execution0.log"/>
         <property name="attachments" value=""/>
         <property name="hostName" value="eessa - LAPTOP-E4F551IA"/>
         <property name="os" value="Windows 10 64bit"/>
         <property name="katalonVersion" value="6.0.6.4"/>
         <property name="browser" value="Chrome 72.0.3626.121"/>
         <property name="hostAddress" value="192.168.99.1"/>
         <property name="sessionId" value="e2790da7e5306005c120f6c6eb78c854"/>
         <property name="seleniumVersion" value="3.7.1"/>
         <property name="proxyInformation" value="ProxyInformation{proxyOption=NO_PROXY, proxyServerType=HTTP, password=, proxyServerAddress=, proxyServerPort=0}"/>
         <property name="platform" value="Windows 10"/>
      </properties>
      <testcase name="Test Cases/login_and_bid" classname="Test Cases/login_and_bid" status="PASSED">
         <system-out><![CDATA[2019-03-14 10:51:32 - [TEST_CASE][PASSED] - Test Cases/login_and_bid: Test Cases/login_and_bid

2019-03-14 10:51:33 - [TEST_STEP][PASSED] - openBrowser("https://www.katalon.com/"): Browser is opened with url: 'https://www.katalon.com/'

2019-03-14 10:51:33 - [MESSAGE][INFO] - Starting 'Chrome' driver

2019-03-14 10:51:33 - [MESSAGE][INFO] - User set preference: ['args', '[--no-sandbox]']

2019-03-14 10:51:33 - [MESSAGE][INFO] - Action delay is set to 0 seconds

2019-03-14 10:51:39 - [MESSAGE][PASSED] - Browser is opened with url: 'https://www.katalon.com/'

2019-03-14 10:51:39 - [TEST_STEP][PASSED] - navigateToUrl("https://www.rainworx.com/AWDemo31/"): Navigate to 'https://www.rainworx.com/AWDemo31/' successfully

2019-03-14 10:51:42 - [MESSAGE][PASSED] - Navigate to 'https://www.rainworx.com/AWDemo31/' successfully

2019-03-14 10:51:42 - [TEST_STEP][PASSED] - click(findTestObject("Object Repository/a_Sign In")): Object: 'Object Repository/a_Sign In' is clicked on

2019-03-14 10:51:42 - [MESSAGE][PASSED] - Object: 'Object Repository/a_Sign In' is clicked on

2019-03-14 10:51:42 - [TEST_STEP][PASSED] - setText(findTestObject("Object Repository/input_Username_username"), "Admin"): Text 'Admin' is set on object 'Object Repository/input_Username_username'

2019-03-14 10:51:42 - [MESSAGE][PASSED] - Text 'Admin' is set on object 'Object Repository/input_Username_username'

2019-03-14 10:51:42 - [TEST_STEP][PASSED] - setEncryptedText(findTestObject("Object Repository/input_Password_password"), "PblvLzUlPsM="): Text ****** has been set on object 'Object Repository/input_Password_password'

2019-03-14 10:51:43 - [MESSAGE][PASSED] - Text ****** has been set on object 'Object Repository/input_Password_password'

2019-03-14 10:51:43 - [TEST_STEP][PASSED] - click(findTestObject("Object Repository/input_Remember Me_btn btn-primary pull-right")): Object: 'Object Repository/input_Remember Me_btn btn-primary pull-right' is clicked on

2019-03-14 10:51:44 - [MESSAGE][PASSED] - Object: 'Object Repository/input_Remember Me_btn btn-primary pull-right' is clicked on

2019-03-14 10:51:44 - [TEST_STEP][PASSED] - closeBrowser(): Browser is closed

2019-03-14 10:51:44 - [MESSAGE][PASSED] - Browser is closed]]></system-out>
         <system-err><![CDATA[]]></system-err>
      </testcase>
      <system-out><![CDATA[2019-03-14 10:51:32 - [TEST_SUITE][PASSED] - test_suite_1: Test Cases/login_and_bid]]></system-out>
      <system-err><![CDATA[]]></system-err>
   </testsuite>
</testsuites>
